<?xml version="1.0" encoding="UTF-8"?>
<!-- Generated by org.testng.reporters.JUnitReportReporter -->
<testsuite hostname="DESKTOP-DAL8TCK" failures="0" tests="1" name="com.AppTesting.DriverSession_1.FirstAppiumSessionUsingDesiredCapabilities" time="0.006" errors="0" timestamp="2025-06-24T13:09:18 IST" skipped="0">
  <testcase classname="com.AppTesting.DriverSession_1.FirstAppiumSessionUsingDesiredCapabilities" name="testAppiumDriverSession" time="0.006"/>
</testsuite> <!-- com.AppTesting.DriverSession_1.FirstAppiumSessionUsingDesiredCapabilities -->
